{
  "stats": {
    "suites": 1,
    "tests": 1,
    "passes": 0,
    "pending": 0,
    "failures": 1,
    "start": "2023-12-05T09:14:13.708Z",
    "end": "2023-12-05T09:14:40.134Z",
    "duration": 26426,
    "testsRegistered": 1,
    "passPercent": 0,
    "pendingPercent": 0,
    "other": 0,
    "hasOther": false,
    "skipped": 0,
    "hasSkipped": false
  },
  "results": [
    {
      "uuid": "8123f851-f7ec-4f3e-829a-f0d8f7cff95d",
      "title": "",
      "fullFile": "cypress\\integration\\cypressPOMTests\\Testcase1Test.js",
      "file": "cypress\\integration\\cypressPOMTests\\Testcase1Test.js",
      "beforeHooks": [],
      "afterHooks": [],
      "tests": [],
      "suites": [
        {
          "uuid": "2c2f31c4-6837-46f0-a12a-9c3c7559fa1b",
          "title": "Testcase 1",
          "fullFile": "",
          "file": "",
          "beforeHooks": [],
          "afterHooks": [],
          "tests": [
            {
              "title": "Verify user lands on correct page by verifying page title",
              "fullTitle": "Testcase 1 Verify user lands on correct page by verifying page title",
              "timedOut": null,
              "duration": 23017,
              "state": "failed",
              "speed": null,
              "pass": false,
              "fail": true,
              "pending": false,
              "context": "\"C:\\\\Users\\\\kajol.singh\\\\CypressAutomationProject\\\\CypressPOMAutomation\\\\mochawesome-report\\\\assets/Testcase1Test.js/Testcase 1 -- Verify user lands on correct page by verifying page title (failed).png\"",
              "code": "cy.log(\"Verify user lands on correct page by verifying page title\");\nhomePage.navigateToUrl();\nhomePage.setLocation();\nhomePage.clickGroceriesAndEssentials();\ngroceriesAndEssentialsPage.verifyUserLandedOnGroceriesAndEssentialsPage();\nhomePage.clickDunzoImageLogo();\nhomePage.clickPickAndDrop();\npickAndDropPage.verfiyPickAndDropPageTitle();\nhomePage.clickDunzoImageLogo();\nhomePage.clickMeatAndFishStoreLink();\nmeatAndFishPage.verfiyMeatAndFishPageTitle();\nhomePage.clickDunzoImageLogo();\nhomePage.clickFruitsAndVegetables();\nfruitsAndVegetablesPage.verifyUserLandedOnFruitsAndVegetablesPage();",
              "err": {
                "message": "AssertionError: Timed out retrying after 10000ms: Expected to find element: `1a[href*='/grocery-stores']`, but never found it.",
                "estack": "AssertionError: Timed out retrying after 10000ms: Expected to find element: `1a[href*='/grocery-stores']`, but never found it.\n    at HomePage.clickGroceriesAndEssentials (webpack://cypresspomautomation/./cypress/integration/cypressPOMPages/HomePage.js:30:7)\n    at Context.eval (webpack://cypresspomautomation/./cypress/integration/cypressPOMTests/Testcase1Test.js:34:13)",
                "diff": null
              },
              "uuid": "a2ed3c1e-bc63-44dd-8a8d-77f2dbd32764",
              "parentUUID": "2c2f31c4-6837-46f0-a12a-9c3c7559fa1b",
              "isHook": false,
              "skipped": false
            }
          ],
          "suites": [],
          "passes": [],
          "failures": [
            "a2ed3c1e-bc63-44dd-8a8d-77f2dbd32764"
          ],
          "pending": [],
          "skipped": [],
          "duration": 23017,
          "root": false,
          "rootEmpty": false,
          "_timeout": 2000
        }
      ],
      "passes": [],
      "failures": [],
      "pending": [],
      "skipped": [],
      "duration": 0,
      "root": true,
      "rootEmpty": true,
      "_timeout": 2000
    }
  ],
  "meta": {
    "mocha": {
      "version": "7.0.1"
    },
    "mochawesome": {
      "options": {
        "quiet": false,
        "reportFilename": "mochawesome",
        "saveHtml": true,
        "saveJson": true,
        "consoleReporter": "spec",
        "useInlineDiffs": false,
        "code": true
      },
      "version": "7.1.3"
    },
    "marge": {
      "options": {
        "reportDir": "cypress/results",
        "overwrite": false,
        "html": true,
        "screenshots": true,
        "charts": true,
        "reportPageTitle": "My Test Suite",
        "embeddedScreenshots": true,
        "inlineAssets": true,
        "json": true,
        "video": true
      },
      "version": "6.2.0"
    }
  }
}