{
  "stats": {
    "suites": 1,
    "tests": 1,
    "passes": 1,
    "pending": 0,
    "failures": 0,
    "start": "2023-12-05T09:07:04.715Z",
    "end": "2023-12-05T09:07:25.816Z",
    "duration": 21101,
    "testsRegistered": 1,
    "passPercent": 100,
    "pendingPercent": 0,
    "other": 0,
    "hasOther": false,
    "skipped": 0,
    "hasSkipped": false
  },
  "results": [
    {
      "uuid": "789ec629-3ac4-4026-ac3c-c594daca32da",
      "title": "",
      "fullFile": "cypress\\integration\\cypressPOMTests\\ReadDataFromExcelFile.js",
      "file": "cypress\\integration\\cypressPOMTests\\ReadDataFromExcelFile.js",
      "beforeHooks": [],
      "afterHooks": [],
      "tests": [],
      "suites": [
        {
          "uuid": "e693628a-241d-449f-ba32-9e82b40a71a1",
          "title": "Excel File Systems Access through code",
          "fullFile": "",
          "file": "",
          "beforeHooks": [],
          "afterHooks": [],
          "tests": [
            {
              "title": "Verify Read Data From Excel File",
              "fullTitle": "Excel File Systems Access through code Verify Read Data From Excel File",
              "timedOut": null,
              "duration": 17445,
              "state": "passed",
              "speed": "slow",
              "pass": true,
              "fail": false,
              "pending": false,
              "context": null,
              "code": "cy.log(\"Verify Read Data From Excel File\");\nhomePage.navigateToUrl();\nhomePage.setLocation();\nhomePage.readDataFromExcelFileAndStoreInJsonFile();\nhomePage.readDataFromJsonFile();\n// homePage.readFromJson()",
              "err": {},
              "uuid": "180ab31a-4216-41eb-909f-52e36d6d0315",
              "parentUUID": "e693628a-241d-449f-ba32-9e82b40a71a1",
              "isHook": false,
              "skipped": false
            }
          ],
          "suites": [],
          "passes": [
            "180ab31a-4216-41eb-909f-52e36d6d0315"
          ],
          "failures": [],
          "pending": [],
          "skipped": [],
          "duration": 17445,
          "root": false,
          "rootEmpty": false,
          "_timeout": 2000
        }
      ],
      "passes": [],
      "failures": [],
      "pending": [],
      "skipped": [],
      "duration": 0,
      "root": true,
      "rootEmpty": true,
      "_timeout": 2000
    }
  ],
  "meta": {
    "mocha": {
      "version": "7.0.1"
    },
    "mochawesome": {
      "options": {
        "quiet": false,
        "reportFilename": "mochawesome",
        "saveHtml": true,
        "saveJson": true,
        "consoleReporter": "spec",
        "useInlineDiffs": false,
        "code": true
      },
      "version": "7.1.3"
    },
    "marge": {
      "options": {
        "reportDir": "cypress/results",
        "overwrite": false,
        "html": true,
        "screenshots": true,
        "charts": true,
        "reportPageTitle": "My Test Suite",
        "embeddedScreenshots": true,
        "inlineAssets": true,
        "json": true,
        "video": true
      },
      "version": "6.2.0"
    }
  }
}