{
  "stats": {
    "suites": 1,
    "tests": 1,
    "passes": 1,
    "pending": 1,
    "failures": -1,
    "start": "2023-12-05T09:09:41.428Z",
    "end": "2023-12-05T09:10:01.258Z",
    "duration": 19830,
    "testsRegistered": 2,
    "passPercent": 100,
    "pendingPercent": 50,
    "other": 1,
    "hasOther": true,
    "skipped": 0,
    "hasSkipped": false
  },
  "results": [
    {
      "uuid": "cdab2eac-5585-4604-b815-038f79756ef8",
      "title": "",
      "fullFile": "cypress\\integration\\cypressPOMTests\\Testcase4Test.js",
      "file": "cypress\\integration\\cypressPOMTests\\Testcase4Test.js",
      "beforeHooks": [],
      "afterHooks": [],
      "tests": [],
      "suites": [
        {
          "uuid": "8d37de85-9857-476f-a385-fe67bf496c0c",
          "title": "Testcase 4",
          "fullFile": "",
          "file": "",
          "beforeHooks": [],
          "afterHooks": [],
          "tests": [
            {
              "title": "Verify Search functionality for product in Items section",
              "fullTitle": "Testcase 4 Verify Search functionality for product in Items section",
              "timedOut": null,
              "duration": 0,
              "state": "pending",
              "speed": null,
              "pass": false,
              "fail": false,
              "pending": true,
              "context": null,
              "code": "cy.log(\"Verify Search functionality for product in Items section\");\nhomePage.navigateToUrl();\nhomePage.setLocation();\nhomePage.searchForProductInItemsSection();\nmyCartPage.verifyUserOnMyCartPageWithProductAddedOnCheckoutFromHomeSearchPage();",
              "err": {},
              "uuid": "acde5c9a-0464-47b7-a212-ed3dd1eaff23",
              "parentUUID": "8d37de85-9857-476f-a385-fe67bf496c0c",
              "isHook": false,
              "skipped": false
            },
            {
              "title": "Verify Search functionality for a Store",
              "fullTitle": "Testcase 4 Verify Search functionality for a Store",
              "timedOut": null,
              "duration": 16508,
              "state": "passed",
              "speed": "slow",
              "pass": true,
              "fail": false,
              "pending": false,
              "context": null,
              "code": "cy.log(\"Verify Search functionality for a Store\");\nhomePage.navigateToUrl();\nhomePage.setLocation();\nhomePage.searchForProductInStoreSection();\ngroceriesAndEssentialsPage.searchForProductInGroceryStoreAddToCartAndCheckout();\nmyCartPage.verifyUserOnMyCartPageWithProductAddedOnCheckoutFromStoreSearchPage();",
              "err": {},
              "uuid": "cdac5def-3614-444e-b5fd-cf4517e4383b",
              "parentUUID": "8d37de85-9857-476f-a385-fe67bf496c0c",
              "isHook": false,
              "skipped": false
            }
          ],
          "suites": [],
          "passes": [
            "cdac5def-3614-444e-b5fd-cf4517e4383b"
          ],
          "failures": [],
          "pending": [
            "acde5c9a-0464-47b7-a212-ed3dd1eaff23"
          ],
          "skipped": [],
          "duration": 16508,
          "root": false,
          "rootEmpty": false,
          "_timeout": 2000
        }
      ],
      "passes": [],
      "failures": [],
      "pending": [],
      "skipped": [],
      "duration": 0,
      "root": true,
      "rootEmpty": true,
      "_timeout": 2000
    }
  ],
  "meta": {
    "mocha": {
      "version": "7.0.1"
    },
    "mochawesome": {
      "options": {
        "quiet": false,
        "reportFilename": "mochawesome",
        "saveHtml": true,
        "saveJson": true,
        "consoleReporter": "spec",
        "useInlineDiffs": false,
        "code": true
      },
      "version": "7.1.3"
    },
    "marge": {
      "options": {
        "reportDir": "cypress/results",
        "overwrite": false,
        "html": true,
        "screenshots": true,
        "charts": true,
        "reportPageTitle": "My Test Suite",
        "embeddedScreenshots": true,
        "inlineAssets": true,
        "json": true,
        "video": true
      },
      "version": "6.2.0"
    }
  }
}