{
  "stats": {
    "suites": 4,
    "tests": 3,
    "passes": 3,
    "pending": 0,
    "failures": 0,
    "start": "2023-12-05T09:10:47.945Z",
    "end": "2023-12-05T09:11:26.092Z",
    "duration": 38147,
    "testsRegistered": 3,
    "passPercent": 100,
    "pendingPercent": 0,
    "other": 0,
    "hasOther": false,
    "skipped": 0,
    "hasSkipped": false
  },
  "results": [
    {
      "uuid": "53f4b3d0-8ca8-4ba9-a092-9371b03057ac",
      "title": "",
      "fullFile": "cypress\\integration\\cypressPOMTests\\ViewportTest.js",
      "file": "cypress\\integration\\cypressPOMTests\\ViewportTest.js",
      "beforeHooks": [],
      "afterHooks": [],
      "tests": [],
      "suites": [
        {
          "uuid": "454c10ae-ecd4-4f14-ac9d-f9ead57c5261",
          "title": "Testcase 5 - Viewport(Organize desktop vs mobile tests separately)",
          "fullFile": "",
          "file": "",
          "beforeHooks": [],
          "afterHooks": [],
          "tests": [],
          "suites": [
            {
              "uuid": "165fb621-b198-4759-b892-bbef723aacd5",
              "title": "720p resolution - Desktop",
              "fullFile": "",
              "file": "",
              "beforeHooks": [],
              "afterHooks": [],
              "tests": [
                {
                  "title": "Set viewport in the test configuration with 720p resolution - Desktop",
                  "fullTitle": "Testcase 5 - Viewport(Organize desktop vs mobile tests separately) 720p resolution - Desktop Set viewport in the test configuration with 720p resolution - Desktop",
                  "timedOut": null,
                  "duration": 15288,
                  "state": "passed",
                  "speed": "slow",
                  "pass": true,
                  "fail": false,
                  "pending": false,
                  "context": null,
                  "code": "//cy.logToFile(\"Verify Parter Tip Functionality on checkout page\")\ncy.log(\"Verify Parter Tip Functionality on checkout page\");\nhomePage.navigateToUrl();\nhomePage.setLocation();\nhomePage.clickGroceriesAndEssentials();\ngroceriesAndEssentialsPage.addTwoGroceryProductsInCartAndCheckout();\nmyCartPage.verifyUserLandedOnMyCartPage();\nmyCartPage.verifyPartnerTipAmountAdded();",
                  "err": {},
                  "uuid": "57c559c6-c7ec-405d-9a92-7b1486115899",
                  "parentUUID": "165fb621-b198-4759-b892-bbef723aacd5",
                  "isHook": false,
                  "skipped": false
                }
              ],
              "suites": [],
              "passes": [
                "57c559c6-c7ec-405d-9a92-7b1486115899"
              ],
              "failures": [],
              "pending": [],
              "skipped": [],
              "duration": 15288,
              "root": false,
              "rootEmpty": false,
              "_timeout": 2000
            },
            {
              "uuid": "acc9aea0-fcfb-4835-9513-5dd3c6a21c64",
              "title": "iphone-5 resolution",
              "fullFile": "",
              "file": "",
              "beforeHooks": [],
              "afterHooks": [],
              "tests": [
                {
                  "title": "Verify Parter Tip Functionality on checkout page with \"iphone-5 resolution\"",
                  "fullTitle": "Testcase 5 - Viewport(Organize desktop vs mobile tests separately) iphone-5 resolution Verify Parter Tip Functionality on checkout page with \"iphone-5 resolution\"",
                  "timedOut": null,
                  "duration": 4453,
                  "state": "passed",
                  "speed": "fast",
                  "pass": true,
                  "fail": false,
                  "pending": false,
                  "context": null,
                  "code": "//cy.logToFile(\"Verify Parter Tip Functionality on checkout page\")\ncy.log(\"Verify Parter Tip Functionality on checkout page\");\nhomePage.navigateToUrl();\nhomePage.clickGroceriesAndEssentials();",
                  "err": {},
                  "uuid": "f76cac94-f610-449c-b64f-7db608304144",
                  "parentUUID": "acc9aea0-fcfb-4835-9513-5dd3c6a21c64",
                  "isHook": false,
                  "skipped": false
                }
              ],
              "suites": [],
              "passes": [
                "f76cac94-f610-449c-b64f-7db608304144"
              ],
              "failures": [],
              "pending": [],
              "skipped": [],
              "duration": 4453,
              "root": false,
              "rootEmpty": false,
              "_timeout": 2000
            },
            {
              "uuid": "1fa52a97-9010-41c4-b58c-7eb74d49bc6e",
              "title": "macbook-16 resolution with the landscape orientation",
              "fullFile": "",
              "file": "",
              "beforeHooks": [],
              "afterHooks": [],
              "tests": [
                {
                  "title": "Verify Parter Tip Functionality on checkout page with Resolution \"macbook-16\" & orientation \"landscape\"",
                  "fullTitle": "Testcase 5 - Viewport(Organize desktop vs mobile tests separately) macbook-16 resolution with the landscape orientation Verify Parter Tip Functionality on checkout page with Resolution \"macbook-16\" & orientation \"landscape\"",
                  "timedOut": null,
                  "duration": 14813,
                  "state": "passed",
                  "speed": "slow",
                  "pass": true,
                  "fail": false,
                  "pending": false,
                  "context": null,
                  "code": "//cy.logToFile(\"Verify Parter Tip Functionality on checkout page\")\ncy.log(\"Verify Parter Tip Functionality on checkout page\");\nhomePage.navigateToUrl();\nhomePage.setLocation();\nhomePage.clickGroceriesAndEssentials();\ngroceriesAndEssentialsPage.addTwoGroceryProductsInCartAndCheckout();\nmyCartPage.verifyUserLandedOnMyCartPage();\nmyCartPage.verifyPartnerTipAmountAdded();",
                  "err": {},
                  "uuid": "e6f065bc-06b3-4b78-bcf7-6bd501563289",
                  "parentUUID": "1fa52a97-9010-41c4-b58c-7eb74d49bc6e",
                  "isHook": false,
                  "skipped": false
                }
              ],
              "suites": [],
              "passes": [
                "e6f065bc-06b3-4b78-bcf7-6bd501563289"
              ],
              "failures": [],
              "pending": [],
              "skipped": [],
              "duration": 14813,
              "root": false,
              "rootEmpty": false,
              "_timeout": 2000
            }
          ],
          "passes": [],
          "failures": [],
          "pending": [],
          "skipped": [],
          "duration": 0,
          "root": false,
          "rootEmpty": false,
          "_timeout": 2000
        }
      ],
      "passes": [],
      "failures": [],
      "pending": [],
      "skipped": [],
      "duration": 0,
      "root": true,
      "rootEmpty": true,
      "_timeout": 2000
    }
  ],
  "meta": {
    "mocha": {
      "version": "7.0.1"
    },
    "mochawesome": {
      "options": {
        "quiet": false,
        "reportFilename": "mochawesome",
        "saveHtml": true,
        "saveJson": true,
        "consoleReporter": "spec",
        "useInlineDiffs": false,
        "code": true
      },
      "version": "7.1.3"
    },
    "marge": {
      "options": {
        "reportDir": "cypress/results",
        "overwrite": false,
        "html": true,
        "screenshots": true,
        "charts": true,
        "reportPageTitle": "My Test Suite",
        "embeddedScreenshots": true,
        "inlineAssets": true,
        "json": true,
        "video": true
      },
      "version": "6.2.0"
    }
  }
}