{
  "stats": {
    "suites": 1,
    "tests": 1,
    "passes": 1,
    "pending": 0,
    "failures": 0,
    "start": "2023-12-05T07:37:50.738Z",
    "end": "2023-12-05T07:38:26.430Z",
    "duration": 35692,
    "testsRegistered": 1,
    "passPercent": 100,
    "pendingPercent": 0,
    "other": 0,
    "hasOther": false,
    "skipped": 0,
    "hasSkipped": false
  },
  "results": [
    {
      "uuid": "2868d31d-af76-464c-8ce5-d4786988023d",
      "title": "",
      "fullFile": "cypress\\integration\\cypressPOMTests\\Testcase1Test.js",
      "file": "cypress\\integration\\cypressPOMTests\\Testcase1Test.js",
      "beforeHooks": [],
      "afterHooks": [],
      "tests": [],
      "suites": [
        {
          "uuid": "a65907c9-1577-442d-a41e-f9e9537163b0",
          "title": "Testcase 1",
          "fullFile": "",
          "file": "",
          "beforeHooks": [],
          "afterHooks": [],
          "tests": [
            {
              "title": "Verify user lands on correct page by verifying page title",
              "fullTitle": "Testcase 1 Verify user lands on correct page by verifying page title",
              "timedOut": null,
              "duration": 31156,
              "state": "passed",
              "speed": "slow",
              "pass": true,
              "fail": false,
              "pending": false,
              "context": null,
              "code": "cy.log(\"Verify user lands on correct page by verifying page title\");\nhomePage.navigateToUrl();\nhomePage.setLocation();\nhomePage.clickGroceriesAndEssentials();\ngroceriesAndEssentialsPage.verifyUserLandedOnGroceriesAndEssentialsPage();\nhomePage.clickDunzoImageLogo();\nhomePage.clickPickAndDrop();\npickAndDropPage.verfiyPickAndDropPageTitle();\nhomePage.clickDunzoImageLogo();\nhomePage.clickMeatAndFishStoreLink();\nmeatAndFishPage.verfiyMeatAndFishPageTitle();\nhomePage.clickDunzoImageLogo();\nhomePage.clickFruitsAndVegetables();\nfruitsAndVegetablesPage.verifyUserLandedOnFruitsAndVegetablesPage();",
              "err": {},
              "uuid": "1c7dcae5-cece-4b7b-b6fb-0f4514bf6b15",
              "parentUUID": "a65907c9-1577-442d-a41e-f9e9537163b0",
              "isHook": false,
              "skipped": false
            }
          ],
          "suites": [],
          "passes": [
            "1c7dcae5-cece-4b7b-b6fb-0f4514bf6b15"
          ],
          "failures": [],
          "pending": [],
          "skipped": [],
          "duration": 31156,
          "root": false,
          "rootEmpty": false,
          "_timeout": 2000
        }
      ],
      "passes": [],
      "failures": [],
      "pending": [],
      "skipped": [],
      "duration": 0,
      "root": true,
      "rootEmpty": true,
      "_timeout": 2000
    }
  ],
  "meta": {
    "mocha": {
      "version": "7.0.1"
    },
    "mochawesome": {
      "options": {
        "quiet": false,
        "reportFilename": "mochawesome",
        "saveHtml": true,
        "saveJson": true,
        "consoleReporter": "spec",
        "useInlineDiffs": false,
        "code": true
      },
      "version": "7.1.3"
    },
    "marge": {
      "options": {
        "reportDir": "cypress/results",
        "overwrite": false,
        "html": true,
        "screenshots": true,
        "charts": true,
        "reportPageTitle": "My Test Suite",
        "embeddedScreenshots": true,
        "inlineAssets": true,
        "json": true,
        "video": true
      },
      "version": "6.2.0"
    }
  }
}