{
  "stats": {
    "suites": 1,
    "tests": 1,
    "passes": 1,
    "pending": 0,
    "failures": 0,
    "start": "2023-12-05T09:09:07.900Z",
    "end": "2023-12-05T09:09:30.967Z",
    "duration": 23067,
    "testsRegistered": 1,
    "passPercent": 100,
    "pendingPercent": 0,
    "other": 0,
    "hasOther": false,
    "skipped": 0,
    "hasSkipped": false
  },
  "results": [
    {
      "uuid": "3f04a34b-580b-4e04-94ef-fd0f365ecb9e",
      "title": "",
      "fullFile": "cypress\\integration\\cypressPOMTests\\Testcase3Test.js",
      "file": "cypress\\integration\\cypressPOMTests\\Testcase3Test.js",
      "beforeHooks": [],
      "afterHooks": [],
      "tests": [],
      "suites": [
        {
          "uuid": "1487581e-5b09-4dd4-99f5-3887ba4effa8",
          "title": "Testcase 3",
          "fullFile": "",
          "file": "",
          "beforeHooks": [],
          "afterHooks": [],
          "tests": [
            {
              "title": "Verify Payment details with the necessary breakup",
              "fullTitle": "Testcase 3 Verify Payment details with the necessary breakup",
              "timedOut": null,
              "duration": 19748,
              "state": "passed",
              "speed": "slow",
              "pass": true,
              "fail": false,
              "pending": false,
              "context": null,
              "code": "cy.log(\"Verify Payment details with the necessary breakup\");\nhomePage.navigateToUrl();\nhomePage.setLocation();\nhomePage.clickGroceriesAndEssentials();\ngroceriesAndEssentialsPage.addTwoGroceryProductsInCartAndCheckout();\nmyCartPage.verifyUserLandedOnMyCartPage();\nmyCartPage.verifyTotalAmountAndNecessaryBreakupInInvoice();",
              "err": {},
              "uuid": "b2eb411f-3828-470b-8f76-620f1b0ed316",
              "parentUUID": "1487581e-5b09-4dd4-99f5-3887ba4effa8",
              "isHook": false,
              "skipped": false
            }
          ],
          "suites": [],
          "passes": [
            "b2eb411f-3828-470b-8f76-620f1b0ed316"
          ],
          "failures": [],
          "pending": [],
          "skipped": [],
          "duration": 19748,
          "root": false,
          "rootEmpty": false,
          "_timeout": 2000
        }
      ],
      "passes": [],
      "failures": [],
      "pending": [],
      "skipped": [],
      "duration": 0,
      "root": true,
      "rootEmpty": true,
      "_timeout": 2000
    }
  ],
  "meta": {
    "mocha": {
      "version": "7.0.1"
    },
    "mochawesome": {
      "options": {
        "quiet": false,
        "reportFilename": "mochawesome",
        "saveHtml": true,
        "saveJson": true,
        "consoleReporter": "spec",
        "useInlineDiffs": false,
        "code": true
      },
      "version": "7.1.3"
    },
    "marge": {
      "options": {
        "reportDir": "cypress/results",
        "overwrite": false,
        "html": true,
        "screenshots": true,
        "charts": true,
        "reportPageTitle": "My Test Suite",
        "embeddedScreenshots": true,
        "inlineAssets": true,
        "json": true,
        "video": true
      },
      "version": "6.2.0"
    }
  }
}